[    0.000000] Initializing cgroup subsys cpuset
[    0.000000] Initializing cgroup subsys cpu
[    0.000000] Initializing cgroup subsys cpuacct
[    0.000000] Linux version 4.4.0-138-generic (buildd@lcy01-amd64-006) (gcc version 5.4.0 20160609 (Ubuntu 5.4.0-6ubuntu1~16.04.10) ) #164-Ubuntu SMP Tue Oct 2 17:16:02 UTC 2018 (Ubuntu 4.4.0-138.164-generic 4.4.155)
[    0.000000] Command line: BOOT_IMAGE=/boot/vmlinuz-4.4.0-138-generic root=LABEL=cloudimg-rootfs ro console=tty1 console=ttyS0
[    0.000000] KERNEL supported cpus:
[    0.000000]   Intel GenuineIntel
[    0.000000]   AMD AuthenticAMD
[    0.000000]   Centaur CentaurHauls
[    0.000000] x86/fpu: xstate_offset[2]:  576, xstate_sizes[2]:  256
[    0.000000] x86/fpu: Supporting XSAVE feature 0x01: 'x87 floating point registers'
[    0.000000] x86/fpu: Supporting XSAVE feature 0x02: 'SSE registers'
[    0.000000] x86/fpu: Supporting XSAVE feature 0x04: 'AVX registers'
[    0.000000] x86/fpu: Enabled xstate features 0x7, context size is 832 bytes, using 'standard' format.
[    0.000000] e820: BIOS-provided physical RAM map:
[    0.000000] BIOS-e820: [mem 0x0000000000000000-0x000000000009fbff] usable
[    0.000000] BIOS-e820: [mem 0x000000000009fc00-0x000000000009ffff] reserved
[    0.000000] BIOS-e820: [mem 0x00000000000f0000-0x00000000000fffff] reserved
[    0.000000] BIOS-e820: [mem 0x0000000000100000-0x000000007ffeffff] usable
[    0.000000] BIOS-e820: [mem 0x000000007fff0000-0x000000007fffffff] ACPI data
[    0.000000] BIOS-e820: [mem 0x00000000fec00000-0x00000000fec00fff] reserved
[    0.000000] BIOS-e820: [mem 0x00000000fee00000-0x00000000fee00fff] reserved
[    0.000000] BIOS-e820: [mem 0x00000000fffc0000-0x00000000ffffffff] reserved
[    0.000000] NX (Execute Disable) protection: active
[    0.000000] SMBIOS 2.5 present.
[    0.000000] Hypervisor detected: KVM
[    0.000000] e820: last_pfn = 0x7fff0 max_arch_pfn = 0x400000000
[    0.000000] MTRR: Disabled
[    0.000000] x86/PAT: MTRRs disabled, skipping PAT initialization too.
[    0.000000] CPU MTRRs all blank - virtualized system.
[    0.000000] x86/PAT: Configuration [0-7]: WB  WT  UC- UC  WB  WT  UC- UC  
[    0.000000] found SMP MP-table at [mem 0x0009fff0-0x0009ffff] mapped at [ffff88000009fff0]
[    0.000000] Scanning 1 areas for low memory corruption
[    0.000000] RAMDISK: [mem 0x3630c000-0x3717dfff]
[    0.000000] ACPI: Early table checksum verification disabled
[    0.000000] ACPI: RSDP 0x00000000000E0000 000024 (v02 VBOX  )
[    0.000000] ACPI: XSDT 0x000000007FFF0030 00003C (v01 VBOX   VBOXXSDT 00000001 ASL  00000061)
[    0.000000] ACPI: FACP 0x000000007FFF00F0 0000F4 (v04 VBOX   VBOXFACP 00000001 ASL  00000061)
[    0.000000] ACPI: DSDT 0x000000007FFF0470 0021FF (v02 VBOX   VBOXBIOS 00000002 INTL 20100528)
[    0.000000] ACPI: FACS 0x000000007FFF0200 000040
[    0.000000] ACPI: FACS 0x000000007FFF0200 000040
[    0.000000] ACPI: APIC 0x000000007FFF0240 000054 (v02 VBOX   VBOXAPIC 00000001 ASL  00000061)
[    0.000000] ACPI: SSDT 0x000000007FFF02A0 0001CC (v01 VBOX   VBOXCPUT 00000002 INTL 20100528)
[    0.000000] No NUMA configuration found
[    0.000000] Faking a node at [mem 0x0000000000000000-0x000000007ffeffff]
[    0.000000] NODE_DATA(0) allocated [mem 0x7ffeb000-0x7ffeffff]
[    0.000000] kvm-clock: Using msrs 4b564d01 and 4b564d00
[    0.000000] kvm-clock: cpu 0, msr 0:7ffe3001, primary cpu clock
[    0.000000] kvm-clock: using sched offset of 4332258646 cycles
[    0.000000] clocksource: kvm-clock: mask: 0xffffffffffffffff max_cycles: 0x1cd42e4dffb, max_idle_ns: 881590591483 ns
[    0.000000] Zone ranges:
[    0.000000]   DMA      [mem 0x0000000000001000-0x0000000000ffffff]
[    0.000000]   DMA32    [mem 0x0000000001000000-0x000000007ffeffff]
[    0.000000]   Normal   empty
[    0.000000]   Device   empty
[    0.000000] Movable zone start for each node
[    0.000000] Early memory node ranges
[    0.000000]   node   0: [mem 0x0000000000001000-0x000000000009efff]
[    0.000000]   node   0: [mem 0x0000000000100000-0x000000007ffeffff]
[    0.000000] Initmem setup node 0 [mem 0x0000000000001000-0x000000007ffeffff]
[    0.000000] ACPI: PM-Timer IO Port: 0x4008
[    0.000000] IOAPIC[[]: apic_id 1, version 32, address 0xfec00000, GSI 0-23
[    0.000000] ACPI: INT_SRC_OVR (bus 0 bus_irq 0 global_irq 2 dfl dfl)
[    0.000000] ACPI: INT_SRC_OVR (bus 0 bus_irq 9 global_irq 9 low level)
[    0.000000] Using ACPI (MADT) for SMP configuration information
[    0.000000] smpboot: Allowing 1 CPUs, 0 hotplug CPUs
[    0.000000] PM: Registered nosave memory: [mem 0x00000000-0x00000fff]
[    0.000000] PM: Registered nosave memory: [mem 0x0009f000-0x0009ffff]
[    0.000000] PM: Registered nosave memory: [mem 0x000a0000-0x000effff]
[    0.000000] PM: Registered nosave memory: [mem 0x000f0000-0x000fffff]
[    0.000000] e820: [mem 0x80000000-0xfebfffff] available for PCI devices
[    0.000000] Booting paravirtualized kernel on KVM
[    0.000000] clocksource: refined-jiffies: mask: 0xffffffff max_cycles: 0xffffffff, max_idle_ns: 7645519600211568 ns
[    0.000000] setup_percpu: NR_CPUS:512 nr_cpumask_bits:512 nr_cpu_ids:1 nr_node_ids:1
[    0.000000] PERCPU: Embedded 34 pages/cpu @ffff88007fc00000 s99608 r8192 d31464 u2097152
[    0.000000] PV qspinlock hash table entries: 256 (order: 0, 4096 bytes)
[    0.000000] Built 1 zonelists in Node order, mobility grouping on.  Total pages: 515960
[    0.000000] Policy zone: DMA32
[    0.000000] Kernel command line: BOOT_IMAGE=/boot/vmlinuz-4.4.0-138-generic root=LABEL=cloudimg-rootfs ro console=tty1 console=ttyS0
[    0.000000] PID hash table entries: 4096 (order: 3, 32768 bytes)
[    0.000000] Memory: 2030040K/2096696K available (8563K kernel code, 1314K rwdata, 4004K rodata, 1528K init, 1316K bss, 66656K reserved, 0K cma-reserved)
[    0.000000] SLUB: HWalign=64, Order=0-3, MinObjects=0, CPUs=1, Nodes=1
[    0.000000] Kernel/User page tables isolation: enabled
[    0.000000] Hierarchical RCU implementation.
[    0.000000] 	Build-time adjustment of leaf fanout to 64.
[    0.000000] 	RCU restricting CPUs from NR_CPUS=512 to nr_cpu_ids=1.
[    0.000000] RCU: Adjusting geometry for rcu_fanout_leaf=64, nr_cpu_ids=1
[    0.000000] NR_IRQS:33024 nr_irqs:256 16
[    0.000000] Console: colour VGA+ 80x25
[    0.000000] console [tty1] enabled
[    0.000000] console [ttyS0] enabled
[    0.000000] tsc: Detected 1991.997 MHz processor
[   14.566151] Calibrating delay loop (skipped) preset value.. 3983.99 BogoMIPS (lpj=7967988)
[   14.838496] pid_max: default: 32768 minimum: 301
[   14.974900] ACPI: Core revision 20150930
[   15.100455] ACPI: 2 ACPI AML tables successfully acquired and loaded
[   15.266235] Security Framework initialized
[   15.315409] Yama: becoming mindful.
[   15.400692] AppArmor: AppArmor initialized
[   15.542266] Dentry cache hash table entries: 262144 (order: 9, 2097152 bytes)
[   15.766699] Inode-cache hash table entries: 131072 (order: 8, 1048576 bytes)
[   16.001728] Mount-cache hash table entries: 4096 (order: 3, 32768 bytes)
[   16.201889] Mountpoint-cache hash table entries: 4096 (order: 3, 32768 bytes)
[   16.362568] Initializing cgroup subsys io
[   16.432134] Initializing cgroup subsys memory
[   16.495944] Initializing cgroup subsys devices
[   16.538263] Initializing cgroup subsys freezer
[   16.624467] Initializing cgroup subsys net_cls
[   16.756932] Initializing cgroup subsys perf_event
[   16.878020] Initializing cgroup subsys net_prio
[   17.042373] Initializing cgroup subsys hugetlb
[   17.168714] Initializing cgroup subsys pids
[   17.291844] mce: CPU supports 0 MCE banks
[   17.383918] process: using mwait in idle threads
[   17.472334] Last level iTLB entries: 4KB 64, 2MB 8, 4MB 8
[   17.576369] Last level dTLB entries: 4KB 64, 2MB 0, 4MB 0, 1GB 4
[   17.661025] Spectre V2 : Mitigation: Full generic retpoline
[   17.806202] Spectre V2 : Spectre v2 mitigation: Speculation control IBPB not-supported IBRS not-supported
[   18.131194] Spectre V2 : Spectre v2 / SpectreRSB mitigation: Filling RSB on context switch
[   18.387794] Speculative Store Bypass: Vulnerable
[   18.554973] Freeing SMP alternatives memory: 32K
[   18.677607] ftrace: allocating 32278 entries in 127 pages
[   18.849563] smpboot: APIC(0) Converting physical 0 to logical package 0
[   19.012820] smpboot: Max logical packages: 1
[   19.142803] x2apic enabled
[   19.204562] Switched APIC routing to physical x2apic.
[   19.309846] ..TIMER: vector=0x30 apic1=0 pin1=2 apic2=-1 pin2=-1
[   19.559836] smpboot: CPU0: Intel(R) Core(TM) i7-8550U CPU @ 1.80GHz (family: 0x6, model: 0x8e, stepping: 0xa)
[   19.628362] Performance Events: unsupported p6 CPU model 142 no PMU driver, software events only.
[   19.777320] KVM setup paravirtual spinlock
[   19.860516] x86: Booted up 1 node, 1 CPUs
[   19.906320] smpboot: Total of 1 processors activated (3983.99 BogoMIPS)
[   19.985781] devtmpfs: initialized
[   20.072586] evm: security.selinux
[   20.151311] evm: security.SMACK64
[   20.238898] evm: security.SMACK64EXEC
[   20.311329] evm: security.SMACK64TRANSMUTE
[   20.370299] evm: security.SMACK64MMAP
[   20.444724] evm: security.ima
[   20.515951] evm: security.capability
[   20.599141] clocksource: jiffies: mask: 0xffffffff max_cycles: 0xffffffff, max_idle_ns: 7645041785100000 ns
[   20.902384] futex hash table entries: 256 (order: 2, 16384 bytes)
[   21.055050] pinctrl core: initialized pinctrl subsystem
[   21.152486] RTC time: 17:39:34, date: 03/27/19
[   21.274013] NET: Registered protocol family 16
[   21.410413] cpuidle: using governor ladder
[   21.501276] cpuidle: using governor menu
[   21.597914] PCCT header not found.
[   21.683938] ACPI: bus type PCI registered
[   21.761762] acpiphp: ACPI Hot Plug PCI Controller Driver version: 0.5
[   21.906972] PCI: Using configuration type 1 for base access
[   22.046835] ACPI: Added _OSI(Module Device)
[   22.161048] ACPI: Added _OSI(Processor Device)
[   22.189413] ACPI: Added _OSI(3.0 _SCP Extensions)
[   22.234578] ACPI: Added _OSI(Processor Aggregator Device)
[   22.331961] ACPI: Executed 1 blocks of module-level executable AML code
[   22.508825] ACPI: Interpreter enabled
[   22.625339] ACPI: (supports S0 S5)
[   22.739578] ACPI: Using IOAPIC for interrupt routing
[   22.864058] PCI: Using host bridge windows from ACPI; if necessary, use "pci=nocrs" and report a bug
[   23.116618] ACPI: PCI Root Bridge [PCI0] (domain 0000 [bus 00-ff])
[   23.299371] acpi PNP0A03:00: _OSC: OS supports [ASPM ClockPM Segments MSI]
[   23.398735] acpi PNP0A03:00: _OSC: not requesting OS control; OS requires [ExtendedConfig ASPM ClockPM MSI]
[   23.598587] acpi PNP0A03:00: fail to add MMCONFIG information, can't access extended PCI configuration space under this bridge.
[   23.924076] PCI host bridge to bus 0000:00
[   24.074665] pci_bus 0000:00: root bus resource [io  0x0000-0x0cf7 window]
[   24.252805] pci_bus 0000:00: root bus resource [io  0x0d00-0xffff window]
[   24.421516] pci_bus 0000:00: root bus resource [mem 0x000a0000-0x000bffff window]
[   24.558029] pci_bus 0000:00: root bus resource [mem 0x80000000-0xfdffffff window]
[   24.692047] pci_bus 0000:00: root bus resource [bus 00-ff]
[   24.860232] pci 0000:00:01.1: legacy IDE quirk: reg 0x10: [io  0x01f0-0x01f7]
[   25.059328] pci 0000:00:01.1: legacy IDE quirk: reg 0x14: [io  0x03f6]
[   25.273441] pci 0000:00:01.1: legacy IDE quirk: reg 0x18: [io  0x0170-0x0177]
[   25.418139] pci 0000:00:01.1: legacy IDE quirk: reg 0x1c: [io  0x0376]
[   25.626797] pci 0000:00:07.0: quirk: [io  0x4000-0x403f] claimed by PIIX4 ACPI
[   25.746841] pci 0000:00:07.0: quirk: [io  0x4100-0x410f] claimed by PIIX4 SMB
[   25.956746] ACPI: PCI Interrupt Link [LNKA] (IRQs 5 9 10 *11)
[   26.114869] ACPI: PCI Interrupt Link [LNKB] (IRQs 5 9 *10 11)
[   26.247985] ACPI: PCI Interrupt Link [LNKC] (IRQs 5 *9 10 11)
[   26.359291] ACPI: PCI Interrupt Link [LNKD] (IRQs 5 9 10 *11)
[   26.474167] ACPI: Enabled 2 GPEs in block 00 to 07
[   26.564933] vgaarb: setting as boot device: PCI:0000:00:02.0
[   26.664543] vgaarb: device added: PCI:0000:00:02.0,decodes=io+mem,owns=io+mem,locks=none
[   26.763547] vgaarb: loaded
[   26.794341] vgaarb: bridge control possible 0000:00:02.0
[   26.842147] SCSI subsystem initialized
[   26.867059] ACPI: bus type USB registered
[   26.913771] usbcore: registered new interface driver usbfs
[   27.052469] usbcore: registered new interface driver hub
[   27.233621] usbcore: registered new device driver usb
[   27.354927] PCI: Using ACPI for IRQ routing
[   27.471345] NetLabel: Initializing
[   27.567588] NetLabel:  domain hash size = 128
[   27.669694] NetLabel:  protocols = UNLABELED CIPSOv4
[   27.771324] NetLabel:  unlabeled traffic allowed by default
[   27.860510] amd_nb: Cannot enumerate AMD northbridges
[   27.921667] clocksource: Switched to clocksource kvm-clock
[   28.049752] AppArmor: AppArmor Filesystem Enabled
[   28.182603] pnp: PnP ACPI init
[   28.246055] pnp: PnP ACPI: found 3 devices
[   28.347623] clocksource: acpi_pm: mask: 0xffffff max_cycles: 0xffffff, max_idle_ns: 2085701024 ns
[   28.553315] NET: Registered protocol family 2
[   28.608011] TCP established hash table entries: 16384 (order: 5, 131072 bytes)
[   28.710625] TCP bind hash table entries: 16384 (order: 6, 262144 bytes)
[   28.884861] TCP: Hash tables configured (established 16384 bind 16384)
[   29.042612] UDP hash table entries: 1024 (order: 3, 32768 bytes)
[   29.131229] UDP-Lite hash table entries: 1024 (order: 3, 32768 bytes)
[   29.237113] NET: Registered protocol family 1
[   29.361617] pci 0000:00:00.0: Limiting direct PCI/PCI transfers
[   29.517822] pci 0000:00:01.0: Activating ISA DMA hang workarounds
[   29.698989] Unpacking initramfs...
[   30.166756] Freeing initrd memory: 14792K
[   30.216528] platform rtc_cmos: registered platform RTC device (no PNP device found)
[   30.355997] Scanning for low memory corruption every 60 seconds
[   30.491194] audit: initializing netlink subsys (disabled)
[   30.644619] audit: type=2000 audit(1553708362.738:1): initialized
[   30.805605] Initialise system trusted keyring
[   30.902273] HugeTLB registered 2 MB page size, pre-allocated 0 pages
[   31.092715] zbud: loaded
[   31.142545] VFS: Disk quotas dquot_6.6.0
[   31.234077] tsc: Refined TSC clocksource calibration: 1991.527 MHz
[   31.374040] clocksource: tsc: mask: 0xffffffffffffffff max_cycles: 0x3969d4194ce, max_idle_ns: 881590569504 ns
[   31.474386] VFS: Dquot-cache hash table entries: 512 (order 0, 4096 bytes)
[   31.656822] squashfs: version 4.0 (2009/01/31) Phillip Lougher
[   31.820017] fuse init (API version 7.23)
[   31.890288] Key type big_key registered
[   32.001675] Allocating IMA MOK and blacklist keyrings.
[   32.127789] Key type asymmetric registered
[   32.241638] Asymmetric key parser 'x509' registered
[   32.394220] Block layer SCSI generic (bsg) driver version 0.4 loaded (major 249)
[   32.545406] io scheduler noop registered
[   32.610267] io scheduler deadline registered (default)
[   32.704710] io scheduler cfq registered
[   32.800979] pci_hotplug: PCI Hot Plug PCI Core version: 0.5
[   32.925886] pciehp: PCI Express Hot Plug Controller Driver version: 0.4
[   33.072605] ACPI: AC Adapter [AC] (off-line)
[   33.166391] input: Power Button as /devices/LNXSYSTM:00/LNXPWRBN:00/input/input0
[   33.304556] ACPI: Power Button [PWRF]
[   33.404091] input: Sleep Button as /devices/LNXSYSTM:00/LNXSLPBN:00/input/input1
[   33.594064] ACPI: Sleep Button [SLPF]
[   33.657988] ACPI: Battery Slot [BAT0] (battery present)
[   33.728518] GHES: HEST is not enabled!
[   33.763367] Serial: 8250/16550 driver, 32 ports, IRQ sharing enabled
ÿ[   33.926241] 00:02: ttyS0 at I/O 0x3f8 (irq = 4, base_baud = 115200) is a 16550A
[   34.111198] Linux agpgart interface v0.103
[   34.182123] loop: module loaded
[   34.257559] scsi host0: ata_piix
[   34.347853] scsi host1: ata_piix
[   34.439223] ata1: PATA max UDMA/33 cmd 0x1f0 ctl 0x3f6 bmdma 0xd000 irq 14
[   34.624571] ata2: PATA max UDMA/33 cmd 0x170 ctl 0x376 bmdma 0xd008 irq 15
[   34.827126] libphy: Fixed MDIO Bus: probed
[   34.881040] tun: Universal TUN/TAP device driver, 1.6
[   34.966807] tun: (C) 1999-2004 Max Krasnyansky <maxk@qualcomm.com>
[   35.135999] PPP generic driver version 2.4.2
[   35.239824] ehci_hcd: USB 2.0 'Enhanced' Host Controller (EHCI) Driver
[   35.425185] ehci-pci: EHCI PCI platform driver
[   35.510213] ehci-platform: EHCI generic platform driver
[   35.640730] ohci_hcd: USB 1.1 'Open' Host Controller (OHCI) Driver
[   35.769840] ohci-pci: OHCI PCI platform driver
[   35.872980] ohci-platform: OHCI generic platform driver
[   35.977974] uhci_hcd: USB Universal Host Controller Interface driver
[   36.079403] i8042: PNP: PS/2 Controller [PNP0303:PS2K,PNP0f03:PS2M] at 0x60,0x64 irq 1,12
[   36.258511] serio: i8042 KBD port at 0x60,0x64 irq 1
[   36.396109] serio: i8042 AUX port at 0x60,0x64 irq 12
[   36.520121] mousedev: PS/2 mouse device common for all mice
[   36.643297] input: AT Translated Set 2 keyboard as /devices/platform/i8042/serio0/input/input2
[   36.837090] rtc_cmos rtc_cmos: rtc core: registered rtc_cmos as rtc0
[   36.940936] rtc_cmos rtc_cmos: alarms up to one day, 114 bytes nvram
[   37.110595] i2c /dev entries driver
[   37.175714] device-mapper: uevent: version 1.0.3
[   37.233069] device-mapper: ioctl: 4.34.0-ioctl (2015-10-28) initialised: dm-devel@redhat.com
[   37.411553] ledtrig-cpu: registered to indicate activity on CPUs
[   37.581561] NET: Registered protocol family 10
[   37.703188] NET: Registered protocol family 17
[   37.819436] Key type dns_resolver registered
[   37.923683] registered taskstats version 1
[   37.979074] Loading compiled-in X.509 certificates
[   38.047787] Loaded X.509 cert 'Build time autogenerated kernel key: 9a104bc44b81e9426fe5c715e47d021d02d69eba'
[   38.309506] zswap: loaded using pool lzo/zbud
[   38.373125] Key type trusted registered
[   38.431049] Key type encrypted registered
[   38.502001] AppArmor: AppArmor sha1 policy hashing enabled
[   38.650693] ima: No TPM chip found, activating TPM-bypass!
[   38.778180] ima: Allocated hash algorithm: sha1
[   38.908545] evm: HMAC attrs: 0x1
[   39.000153]   Magic number: 11:945:694
[   39.135994] rtc_cmos rtc_cmos: setting system clock to 2019-03-27 17:39:52 UTC (1553708392)
[   39.362298] BIOS EDD facility v0.16 2004-Jun-25, 0 devices found
[   39.493286] EDD information not available.
[   39.535817] Freeing unused kernel memory: 1528K
[   39.638244] Write protecting the kernel read-only data: 14336k
[   39.789756] Freeing unused kernel memory: 1664K
[   39.868128] Freeing unused kernel memory: 92K
Loading, please [   39.974464] random: systemd-udevd: uninitialized urandom read (16 bytes read, 7 bits of entropy available)
wait...
startin[   40.292594] random: udevadm: uninitialized urandom read (16 bytes read, 7 bits of entropy available)
g version 229
[   40.561555] random: udevadm: uninitialized urandom read (16 bytes read, 9 bits of entropy available)
[   40.760938] random: systemd-udevd: uninitialized urandom read (16 bytes read, 9 bits of entropy available)
[   41.046956] random: udevadm: uninitialized urandom read (16 bytes read, 9 bits of entropy available)
[   41.261142] random: systemd-udevd: uninitialized urandom read (16 bytes read, 9 bits of entropy available)
[   41.534666] random: udevadm: uninitialized urandom read (16 bytes read, 9 bits of entropy available)
[   41.786438] random: systemd-udevd: uninitialized urandom read (16 bytes read, 9 bits of entropy available)
[   41.980630] random: udevadm: uninitialized urandom read (16 bytes read, 9 bits of entropy available)
[   42.101590] random: systemd-udevd: uninitialized urandom read (16 bytes read, 9 bits of entropy available)
[   42.377198] e1000: Intel(R) PRO/1000 Network Driver - version 7.3.21-k8-NAPI
[   42.559527] e1000: Copyright (c) 1999-2006 Intel Corporation.
[   42.722020] Fusion MPT base driver 3.04.20
[   42.786906] Copyright (c) 1999-2008 LSI Corporation
[   42.983226] AVX2 version of gcm_enc/dec engaged.
[   43.042928] AES CTR mode by8 optimization enabled
[   43.205907] input: ImExPS/2 Generic Explorer Mouse as /devices/platform/i8042/serio1/input/input4
[   43.470833] Fusion MPT SPI Host driver 3.04.20
[   43.594335] mptbase: ioc0: Initiating bringup
[   43.790677] ioc0: LSI53C1030 A0: Capabilities={Initiator}
[   44.113061] scsi host2: ioc0: LSI53C1030 A0, FwRev=00000000h, Ports=1, MaxQ=256, IRQ=20
[   44.379090] scsi 2:0:0:0: Direct-Access     VBOX     HARDDISK         1.0  PQ: 0 ANSI: 5
[   44.580733] scsi target2:0:0: Beginning Domain Validation
[   44.798798] scsi target2:0:0: Domain Validation skipping write tests
[   44.942995] scsi target2:0:0: Ending Domain Validation
[   45.333883] scsi target2:0:0: asynchronous
[   45.444470] scsi 2:0:1:0: Direct-Access     VBOX     HARDDISK         1.0  PQ: 0 ANSI: 5
[   45.662682] scsi target2:0:1: Beginning Domain Validation
[   45.805126] e1000 0000:00:03.0 eth0: (PCI:33MHz:32-bit) 02:20:a7:f8:0a:b5
[   46.025805] e1000 0000:00:03.0 eth0: Intel(R) PRO/1000 Network Connection
[   46.172591] scsi target2:0:1: Domain Validation skipping write tests
[   46.332191] scsi target2:0:1: Ending Domain Validation
[   46.418013] scsi target2:0:1: asynchronous
[   46.477928] sd 2:0:0:0: Attached scsi generic sg0 type 0
[   46.610481] sd 2:0:0:0: [sda] 20971520 512-byte logical blocks: (10.7 GB/10.0 GiB)
[   46.933149] sd 2:0:1:0: Attached scsi generic sg1 type 0
[   47.048138] sd 2:0:1:0: [sdb] 20480 512-byte logical blocks: (10.5 MB/10.0 MiB)
[   47.292033] sd 2:0:0:0: [sda] Write Protect is off
[   47.491369] sd 2:0:0:0: [sda] Incomplete mode parameter data
[   47.572638] sd 2:0:0:0: [sda] Assuming drive cache: write through
[   47.681917] sd 2:0:1:0: [sdb] Write Protect is off
[   47.856556] e1000 0000:00:08.0 eth1: (PCI:33MHz:32-bit) 08:00:27:4c:23:3d
[   48.040299] e1000 0000:00:08.0 eth1: Intel(R) PRO/1000 Network Connection
[   48.212392]  sda: sda1
[   48.267310] sd 2:0:1:0: [sdb] Incomplete mode parameter data
[   48.403311] sd 2:0:1:0: [sdb] Assuming drive cache: write through
[   48.553020] sd 2:0:0:0: [sda] Attached SCSI disk
[   48.675501] e1000 0000:00:08.0 enp0s8: renamed from eth1
[   48.754236] e1000 0000:00:03.0 enp0s3: renamed from eth0
[   48.888748] sd 2:0:1:0: [sdb] Attached SCSI disk
Begin: Loading e[   50.622051] md: linear personality registered for level -1
ssential drivers[   50.786543] md: multipath personality registered for level -4
 ... [   50.948102] md: raid0 personality registered for level 0
[   51.008427] md: raid1 personality registered for level 1
[   51.125827] raid6: sse2x1   gen()  6752 MB/s
[   51.329864] raid6: sse2x1   xor()  6408 MB/s
[   51.498154] raid6: sse2x2   gen()  6124 MB/s
[   51.681744] raid6: sse2x2   xor()  7249 MB/s
[   51.865771] raid6: sse2x4   gen() 13391 MB/s
[   52.030633] raid6: sse2x4   xor()  6697 MB/s
[   52.201852] raid6: avx2x1   gen() 14695 MB/s
[   52.313942] raid6: avx2x2   gen() 18096 MB/s
[   52.509783] raid6: avx2x4   gen() 12645 MB/s
[   52.642437] raid6: using algorithm avx2x2 gen() 18096 MB/s
[   52.795545] raid6: using avx2x2 recovery algorithm
[   52.928066] xor: automatically using best checksumming function:
[   53.146264]    avx       : 23583.000 MB/sec
[   53.261645] async_tx: api initialized (async)
[   53.319039] md: raid6 personality registered for level 6
[   53.367343] md: raid5 personality registered for level 5
[   53.467501] md: raid4 personality registered for level 4
[   53.599624] md: raid10 personality registered for level 10
done.
Begin: Running /scripts/init-premount ... done.
Begin: Mounti[   53.789074] Btrfs loaded
ng root file system ... Begin: Running /scripts/local-top ... do[   53.921385] EXT4-fs (sda1): mounted filesystem with ordered data mode. Opts: (null)
ne.
Begin: Running /scripts/local-premount ... Scanning for Btrfs filesystems
done.
Warning: fsck not present, so skipping root file system
done.
Begin: Running /scripts/local-bottom ... done.
Begin: Running /scripts/init-bottom ... done.
[   54.543140] systemd[1]: systemd 229 running in system mode. (+PAM +AUDIT +SELINUX +IMA +APPARMOR +SMACK +SYSVINIT +UTMP +LIBCRYPTSETUP +GCRYPT +GNUTLS +ACL +XZ -LZ4 +SECCOMP +BLKID +ELFUTILS +KMOD -IDN)
[   54.978013] systemd[1]: Detected virtualization oracle.
[   55.114364] systemd[1]: Detected architecture x86-64.

Welcome to [1mUbuntu 16.04.5 LTS[0m!

[   55.299125] systemd[1]: Set hostname to <ubuntu>.
[   55.399805] systemd[1]: Initializing machine ID from random generator.
[   55.563420] systemd[1]: Installed transient /etc/machine-id file.
[   55.685224] random: nonblocking pool is initialized
[   55.899207] systemd[1]: Listening on udev Control Socket.
[[0;32m  OK  [0m] Listening on udev Control Socket.
[   56.102604] systemd[1]: Reached target User and Group Name Lookups.
[[0;32m  OK  [0m] Reached target User and Group Name Lookups.
[   56.306548] systemd[1]: Listening on LVM2 poll daemon socket.
[[0;32m  OK  [0m] Listening on LVM2 poll daemon socket.
[   56.566669] systemd[1]: Created slice System Slice.
[[0;32m  OK  [0m] Created slice System Slice.
[   56.739036] systemd[1]: Created slice system-serial\x2dgetty.slice.
[[0;32m  OK  [0m] Created slice system-serial\x2dgetty.slice.
[   56.918622] systemd[1]: Listening on LVM2 metadata daemon socket.
[[0;32m  OK  [0m] Listening on LVM2 metadata daemon socket.
[   57.134403] systemd[1]: Started Forward Password Requests to Wall Directory Watch.
[[0;32m  OK  [0m] Started Forward Password Requests to Wall Directory Watch.
[   57.386443] systemd[1]: Reached target Swap.
[[0;32m  OK  [0m] Reached target Swap.
[   57.490168] systemd[1]: Listening on /dev/initctl Compatibility Named Pipe.
[[0;32m  OK  [0m] Listening on /dev/initctl Compatibility Named Pipe.
[   57.754364] systemd[1]: Reached target Encrypted Volumes.
[[0;32m  OK  [0m] Reached target Encrypted Volumes.
[   57.962788] systemd[1]: Listening on udev Kernel Socket.
[[0;32m  OK  [0m] Listening on udev Kernel Socket.
[   58.094973] systemd[1]: Listening on Journal Audit Socket.
[[0;32m  OK  [0m] Listening on Journal Audit Socket.
[   58.334055] systemd[1]: Set up automount Arbitrary Executable File Formats File System Automount Point.
[[0;32m  OK  [0m] Set up automount Arbitrary Executab...ats File System Automount Point.
[   58.726722] systemd[1]: Listening on Device-mapper event daemon FIFOs.
[[0;32m  OK  [0m] Listening on Device-mapper event daemon FIFOs.
[   58.998852] systemd[1]: Listening on Syslog Socket.
[[0;32m  OK  [0m] Listening on Syslog Socket.
[   59.158210] systemd[1]: Started Trigger resolvconf update for networkd DNS.
[[0;32m  OK  [0m] Started Trigger resolvconf update for networkd DNS.
[   59.382736] systemd[1]: Reached target System Time Synchronized.
[[0;32m  OK  [0m] Reached target System Time Synchronized.
[   59.615124] systemd[1]: Created slice User and Session Slice.
[[0;32m  OK  [0m] Created slice User and Session Slice.
[   59.846491] systemd[1]: Reached target Slices.
[[0;32m  OK  [0m] Reached target Slices.
[   60.022926] systemd[1]: Listening on Journal Socket.
[[0;32m  OK  [0m] Listening on Journal Socket.
[   60.245407] systemd[1]: Starting Load Kernel Modules...
         [   60.323350] Loading iSCSI transport class v2.0-870.
Starting Load Ke[   60.402401] iscsi: registered transport (tcp)
rnel Modules...
[   60.585117] systemd[1]: Mounting Debug File System...
         [   60.757753] iscsi: registered transport (iser)
Mounting Debug File System...
[   60.926771] systemd[1]: Starting Create list of required static device nodes for the current kernel...
         Starting Create list of required st... nodes for the current kernel...
[   61.287197] systemd[1]: Mounting Huge Pages File System...
         Mounting Huge Pages File System...
[   61.471692] systemd[1]: Starting Remount Root and Kernel File Systems...
         [   61.590595] EXT4-fs (sda1): re-mounted. Opts: (null)
Starting Remount Root and Kernel File Systems...
[   61.785022] systemd[1]: Starting Nameserver information manager...
         Starting Nameserver information manager...
[   62.025366] systemd[1]: Starting Set console keymap...
         Starting Set console keymap...
[   62.226940] systemd[1]: Mounting POSIX Message Queue File System...
         Mounting POSIX Message Queue File System...
[   62.467264] systemd[1]: Starting Uncomplicated firewall...
         Starting Uncomplicated firewall...
[   62.623558] systemd[1]: Starting Monitoring of LVM2 mirrors, snapshots etc. using dmeventd or progress polling...
         Starting Monitoring of LVM2 mirrors... dmeventd or progress polling...
[   62.894716] systemd[1]: Listening on Journal Socket (/dev/log).
[[0;32m  OK  [0m] Listening on Journal Socket (/dev/log).
[   63.078708] systemd[1]: Starting Journal Service...
         Starting Journal Service...
[   63.231687] systemd[1]: Mounted Huge Pages File System.
[[0;32m  OK  [0m] Mounted Huge Pages File System.
[   63.430613] systemd[1]: Mounted POSIX Message Queue File System.
[[0;32m  OK  [0m] Mounted POSIX Message Queue File System.
[   63.702686] systemd[1]: Mounted Debug File System.
[[0;32m  OK  [0m] Mounted Debug File System.
[   63.830718] systemd[1]: Started Journal Service.
[[0;32m  OK  [0m] Started Journal Service.
[[0;32m  OK  [0m] Started Load Kernel Modules.
[[0;32m  OK  [0m] Started Create list of required sta...ce nodes for the current kernel.
[[0;32m  OK  [0m] Started Remount Root and Kernel File Systems.
[[0;32m  OK  [0m] Started Set console keymap.
[[0;32m  OK  [0m] Started Uncomplicated firewall.
[[0;32m  OK  [0m] Started Nameserver information manager.
[[0;32m  OK  [0m] Started LVM2 metadata daemon.
         Starting udev Coldplug all Devices...
         Starting Load/Save Random Seed...
         Starting Create Static Device Nodes in /dev...
         Mounting FUSE Control File System...
         Starting Apply Kernel Variables...
         Starting Flush Journal to Persistent Storage...
[[0;32m  OK  [0m] Mounted FUSE Control File System.
[[0;32m  OK  [0m] Started Monitoring of LVM2 mirrors,...ng dmeventd or progress polling.
[[0;32m  OK  [0m] Started Load/Save Random Seed.
[[0;32m  OK  [0m] Started Create Static Device Nodes in /dev.
[[0;32m  OK  [0m] Started Apply Kernel Variables.
[[0;32m  OK  [0m] Started udev Coldplug all Devices.
[[0;32m  OK  [0m] Started Flush Journal to Persistent Storage.
         Starting udev Kernel Device Manager...
[[0;32m  OK  [0m] Reached target Local File Systems (Pre).
[[0;32m  OK  [0m] Reached target Local File Systems.
         Starting Create Volatile Files and Directories...
         Starting Tell Plymouth To Write Out Runtime Data...
         Starting Initial cloud-init job (pre-networking)...
         Starting Commit a transient machine-id on disk...
         Starting Set console font and keymap...
         Starting LSB: AppArmor initialization...
[[0;32m  OK  [0m] Started udev Kernel Device Manager.
[[0;32m  OK  [0m] Started Create Volatile Files and Directories.
[[0;32m  OK  [0m] Started Tell Plymouth To Write Out Runtime Data.
[[0;32m  OK  [0m] Started Commit a transient machine-id on disk.
[   40.901829] cloud-init[516]: Cloud-init v. 18.4-0ubuntu1~16.04.2 running 'init-local' at Wed, 27 Mar 2019 17:40:20 +0000. Up 40.17 seconds.
[[0;32m  OK  [0m] Found device /dev/ttyS0.
[[0;32m  OK  [0m] Started Initial cloud-init job (pre-networking).
[[0;32m  OK  [0m] Listening on Load/Save RF Kill Switch Status /dev/rfkill Watch.
[[0;32m  OK  [0m] Reached target Network (Pre).
         Starting Update UTMP about System Boot/Shutdown...
[[0;32m  OK  [0m] Started Dispatch Password Requests to Console Directory Watch.
[[0;32m  OK  [0m] Started Set console font and keymap.
[[0;32m  OK  [0m] Created slice system-getty.slice.
[[0;32m  OK  [0m] Started Update UTMP about System Boot/Shutdown.
[[0;32m  OK  [0m] Started LSB: AppArmor initialization.
         Starting Raise network interfaces...
[[0;32m  OK  [0m] Started Raise network interfaces.
[[0;32m  OK  [0m] Reached target Network.
         Starting Initial cloud-init job (metadata service crawler)...
[   45.385598] cloud-init[945]: Cloud-init v. 18.4-0ubuntu1~16.04.2 running 'init' at Wed, 27 Mar 2019 17:40:25 +0000. Up 44.54 seconds.
[   45.544593] cloud-init[945]: ci-info: ++++++++++++++++++++++++++++++++++++++Net device info++++++++++++++++++++++++++++++++++++++
[[0;32m  OK  [0m[   45.712604] cloud-init[945]: ci-info: +--------+-------+---------------------------+---------------+--------+-------------------+
[   45.712841] cloud-init[945]: ci-info: | Device |   Up  |          Address          |      Mask     | Scope  |     Hw-Address    |
[   45.712975] cloud-init[945]: ci-info: +--------+-------+---------------------------+---------------+--------+-------------------++
[   45.713091] cloud-init[945]: ci-info: | enp0s3 |  True |         10.0.2.15         | 255.255.255.0 | global | 02:20:a7:f8:0a:b5 |
[   45.713227] cloud-init[945]: ci-info: | enp0s3 |  True | fe80::20:a7ff:fef8:ab5/64 |       .       |  link  | 02:20:a7:f8:0a:b5 |
[   45.713383] cloud-init[945]: ci-info: | enp0s8 | False |             .             |       .       |   .    | 08:00:27:4c:23:3d |
[   45.713508] cloud-init[945]: ci-info: |   lo   |  True |         127.0.0.1         |   255.0.0.0   |  host  |         .         |
[   45.713811] cloud-init[945]: ci-info: |   lo   |  True |          ::1/128          |       .       |  host  |         .         |
[   45.714012] cloud-init[945]: ci-info: +--------+-------+---------------------------+---------------+--------+-------------------+
[   45.714207] cloud-init[945]: ci-info: +++++++++++++++++++++++++++Route IPv4 info++++++++++++++++++++++++++++
[   45.714398] cloud-init[945]: ci-info: +-------+-------------+----------+---------------+-----------+-------+
[   45.714611] cloud-init[945]: ci-info: | Route | Destination | Gateway  |    Genmask    | Interface | Flags |
[   45.714797] cloud-init[945]: ci-info: +-------+-------------+----------+---------------+-----------+-------+
[   45.714975] cloud-init[945]: ci-info: |   0   |   0.0.0.0   | 10.0.2.2 |    0.0.0.0    |   enp0s3  |   UG  |
[   45.715151] cloud-init[945]: ci-info: |   1   |   10.0.2.0  | 0.0.0.0  | 255.255.255.0 |   enp0s3  |   U   |
[   45.715324] cloud-init[945]: ci-info: +-------+-------------+----------+---------------+-----------+-------+
[   45.715495] cloud-init[945]: ci-info: +++++++++++++++++++Route IPv6 info+++++++++++++++++++
[   45.715730] cloud-init[945]: ci-info: +-------+-------------+---------+-----------+-------+
[   45.715924] cloud-init[945]: ci-info: | Route | Destination | Gateway | Interface | Flags |
] Started Initial cloud-init job (metadata service crawler).
[[0;32m  OK  [0m] Reached target System Initialization.
[   45.716198] cloud-init[945]: ci-info: +-------+-------------+---------+-----------+-------+
[   48.616679] cloud-init[945]: ci-info: |   0   |  fe80::/64  |    ::   |   enp0s3  |   U   |
[[0;32m  OK  [0m] Started Daily apt download activities.
[[0;32m  OK  [0m] Listening on D-Bus System Message Bus Socket.
[   48.741604] cloud-init[945]: ci-info: |   3   |   ff00::/8  |    ::   |   enp0s3  |   U   |
[[0;32m  OK  [0m] Started Daily Cleanup of Temporary Directories.
[   49.011126] cloud-init[945]: ci-info: +-------+-------------+---------+-----------+-------+
[   49.214574] cloud-init[945]: Generating public/private rsa key pair.
         Starting LXD - unix socket.
[   49.295309] cloud-init[945]: Your identification has been saved in /etc/ssh/ssh_host_rsa_key.
[[0;32m  OK  [0m] Listening on ACPID Listen Socket.
[   49.467245] cloud-init[945]: Your public key has been saved in /etc/ssh/ssh_host_rsa_key.pub.
[   49.669023] cloud-init[945]: The key fingerprint is:
[[0;32m  OK  [0m] Started ACPI Events Check.
[   49.735559] cloud-init[945]: SHA256:c+JiTTKUlqSMbRQeVYn68oHGGTcFZVsIs1VsdAW4vy0 root@ubuntu-xenial
[[0;32m  OK  [0m] Reached target Paths.
[   49.922469] cloud-init[945]: The key's randomart image is:
[   50.065331] cloud-init[945]: +---[RSA 2048]----+
         Starting Socket activation for snappy daemon.
[[0;32m  OK  [0m] Listening on UUID daemon activation socket.
[   50.139453] cloud-init[945]: |    +o**=*+.oo.  |
[   50.356668] cloud-init[945]: |   * +.B+o+.     |
[[0;32m  OK  [0m[   50.424344] cloud-init[945]: |  . *.*... .     |
[   50.424432] cloud-init[945]: |   .ooo   .      |
[   50.424502] cloud-init[945]: |   . *o.S ..     |
[   50.424557] cloud-init[945]: |    * o* +  .    |
[   50.424609] cloud-init[945]: |   . oo.o    o   |
[   50.424724] cloud-init[945]: |     ...    E .  |
[   50.424780] cloud-init[945]: |             .   |
[   50.424830] cloud-init[945]: +----[SHA256]-----+
[   50.424882] cloud-init[945]: Generating public/private dsa key pair.
[   50.424951] cloud-init[945]: Your identification has been saved in /etc/ssh/ssh_host_dsa_key.
[   50.425009] cloud-init[945]: Your public key has been saved in /etc/ssh/ssh_host_dsa_key.ppb.
[   50.425066] cloud-init[945]: The key fingerprint is:
[   50.425142] cloud-init[945]: SHA256:BkYqTw1DwRZ9x+Em10RK/U8RpMnebKzmM0clhv2hSUc root@ubuntu-xenial
[   50.425240] cloud-init[945]: The key's randomart image is:
[   50.425328] cloud-init[945]: +---[DSA 1024]----+
[   50.425415] cloud-init[945]: |   o*+.  .o+o .o.|
[   50.425528] cloud-init[945]: |    o*. .oo+o oE |
[   50.425642] cloud-init[945]: |  ..o +...= .B. .|
[   50.425734] cloud-init[945]: |   + . . +  o.Ooo|
[   50.425813] cloud-init[945]: |    .   S   .o+Xo|
[   50.425894] cloud-init[945]: |       .     oo.o|
[   50.425972] cloud-init[945]: |             o.  |
[   50.426051] cloud-init[945]: |            oo . |
[   50.426130] cloud-init[945]: |             .+  |
[   50.426215] cloud-init[945]: +----[SHA256]-----+
[   50.426293] cloud-init[945]: Generating public/private ecdsa key pair.
[   50.426371] cloud-init[945]: Your identification has been saved in /etc/ssh/ssh_host_ecdsa_key.
[   50.426425] cloud-init[945]: Your public key has been saved in /etc/ssh/ssh_host_ecdsa_key.pub.
[   50.426477] cloud-init[945]: The key fingerprint is:
[   50.426526] cloud-init[945]: SHA256:JwMU39Vlo/rE6uhSNEcSJrvtWcwit8xK+yXrVOWiA9U root@ubuntu-xenial
[   50.426666] cloud-init[945]: The key's randomart image is:
[   50.426768] cloud-init[945]: +---[ECDSA 256]---+
[   50.426850] cloud-init[945]: |      oo o. .. oo|
[   50.426935] cloud-init[945]: |     . .+o.o  o..|
[   50.427013] cloud-init[945]: |      ....+E o   |
[   50.427095] cloud-init[945]: |       .+oo.=    |
[   50.427190] cloud-init[945]: |       +S++B +   |
[   50.427259] cloud-init[945]: |        B=B =    |
[   50.427329] cloud-init[945]: |       ..@ o .   |
[   50.427399] cloud-init[945]: |      ..+ B      |
[   50.427462] cloud-init[945]: |       o=* .     |
[   50.427589] cloud-init[945]: +----[SHA256]-----+
[   50.427687] cloud-init[945]: Generating public/private ed25519 key pair.
[   50.427744] cloud-init[945]: Your identification has been saved in /etc/ssh/ssh_host_ed25519_key.
[   50.427795] cloud-init[945]: Your public key has been saved in /etc/ssh/ssh_host_ed25519_key.pub.
[   50.427860] cloud-init[945]: The key fingerprint is:
[   50.427911] cloud-init[945]: SHA256:yhyE08osVZIXhkYQ3mYCac17J4q+ZIbhTQaJ3rr2OxY root@ubuntu-xenial
[   50.427963] cloud-init[945]: The key's randomart image is:
[   50.428019] cloud-init[945]: +--[ED25519 256]--+
[   50.428072] cloud-init[945]: ] Started Daily apt upgrade and clean activities.
[[0;32m  OK  [0m] Reached target Timers.
[[0;32m  OK  [0m] Reached target Network is Online.
         Starting iSCSI initiator daemon (iscsid)...
[[0;32m  OK  [0m] Reached target Cloud-config availability.
[[0;32m  OK  [0m] Listening on LXD - unix socket.
[[0;32m  OK  [0m] Listening on Socket activation for snappy daemon.
[[0;32m  OK  [0m] Reached target Sockets.
[[0;32m  OK  [0m] Reached target Basic System.
[[0;32m  OK  [0m] Started Unattended Upgrades Shutdown.
|..=+oo+.         |
[   54.492450] cloud-init[945]: |o+.++*.          |
         Starting Accounts Service...
[   54.559942] cloud-init[945]: |ooo.O.o          |
[   54.676974] cloud-init[945]: |. oO * .         |
[[0;32m  OK  [0m] Started Regular background program processing daemon.
[[0;32m  OK  [0m] Started D-Bus System Message Bus.
[   54.755198] cloud-init[945]: |..o+* + S        |
[   54.972265] cloud-init[945]: |oo=E o o         |
[   54.972683] cloud-init[945]: |o* .. +          |
[   54.972822] cloud-init[945]: |+o.o             |
[   54.972922] cloud-init[945]: |.o+oo            |
[   54.973008] cloud-init[945]: +----[SHA256]-----+
         Starting Virtualbox guest utils...
[[0;32m  OK  [0m] Started FUSE filesystem for LXC.
[[0;32m  OK  [0m] Started ACPI event daemon.
         Starting /etc/rc.local Compatibility...
         Starting Snappy daemon...
         Starting Login Service...
         Starting System Logging Service...
         Starting LSB: MD monitoring daemon...
         Starting LSB: Record successful boot for GRUB...
         Starting Pollinate to seed the pseudo random number generator...
[[0;32m  OK  [0m] Started Deferred execution scheduler.
         Starting LXD - container startup/shutdown...
[[0;32m  OK  [0m] Started System Logging Service.
[[0;32m  OK  [0m] Started Snappy daemon.
[[0;32m  OK  [0m] Started /etc/rc.local Compatibility.
[[0;32m  OK  [0m] Started LXD - container startup/shutdown.
[[0;32m  OK  [0m] Started iSCSI initiator daemon (iscsid).
[[0;32m  OK  [0m] Started Virtualbox guest utils.
[[0;32m  OK  [0m] Started LSB: MD monitoring daemon.
[[0;32m  OK  [0m] Started LSB: Record successful boot for GRUB.
         Starting Authenticate and Authorize Users to Run Privileged Tasks...
         Starting Login to default iSCSI targets...
         Starting Wait until snapd is fully seeded...
[[0;32m  OK  [0m] Started Login Service.
[[0;32m  OK  [0m] Started Authenticate and Authorize Users to Run Privileged Tasks.
[[0;32m  OK  [0m] Started Accounts Service.
[[0;32m  OK  [0m] Started Login to default iSCSI targets.
[[0;32m  OK  [0m] Reached target Remote File Systems (Pre).
[[0;32m  OK  [0m] Reached target Remote File Systems.
         Starting LSB: daemon to balance interrupts for SMP systems...
         Starting LSB: Set the CPU Frequency Scaling governor to "ondemand"...
         Starting LSB: automatic crash report generation...
         Starting Permit User Sessions...
[[0;32m  OK  [0m] Started Pollinate to seed the pseudo random number generator.
[[0;32m  OK  [0m] Started Permit User Sessions.
[[0;32m  OK  [0m] Started LSB: daemon to balance interrupts for SMP systems.
[[0;32m  OK  [0m] Started LSB: Set the CPU Frequency Scaling governor to "ondemand".
         Starting Hold until boot process finishes up...
         Starting Terminate Plymouth Boot Screen...
         Starting OpenBSD Secure Shell server...
[[0;32m  OK  [0m] Started LSB: automatic crash report generation.
[[0;32m  OK  [0m] Started Hold until boot process finishes up.
[[0;32m  OK  [0m] Started Terminate Plymouth Boot Screen.
[[0;32m  OK  [0m] Started OpenBSD Secure Shell server.
         Starting Set console scheme...
[[0;32m  OK  [0m] Started Serial Getty on ttyS0.
[[0;32m  OK  [0m] Started Getty on tty1.
[[0;32m  OK  [0m] Reached target Login Prompts.
[[0;32m  OK  [0m] Started Set console scheme.
[[0;32m  OK  [0m] Created slice User Slice of vagrant.
[[0;32m  OK  [0m] Started Session 1 of user vagrant.
         Starting User Manager for UID 1000...
[[0;32m  OK  [0m] Started User Manager for UID 1000.
[[0;32m  OK  [0m] Started Wait until snapd is fully seeded.
         Starting Apply the settings specified in cloud-config...
[[0;32m  OK  [0m] Reached target Multi-User System.
[[0;32m  OK  [0m] Reached target Graphical Interface.
         Starting Update UTMP about System Runlevel Changes...
[[0;32m  OK  [0m] Started Update UTMP about System Runlevel Changes.
[   61.682264] cloud-init[1349]: Generating locales (this might take a while)...
[   63.903302] cloud-init[1349]:   en_US.UTF-8... done
[   63.904910] cloud-init[1349]: Generation complete.
[   64.411673] cloud-init[1349]: Cloud-init v. 18.4-0ubuntu1~16.04.2 running 'modules:config' at Wed, 27 Mar 2019 17:40:41 +0000. Up 61.31 seconds.

Ubuntu 16.04.5 LTS ubuntu-xenial ttyS0

ubuntu-xenial login: ci-info: no authorized ssh keys fingerprints found for user ubuntu.
<14>Mar 27 17:40:46 ec2: 
<14>Mar 27 17:40:46 ec2: #############################################################
<14>Mar 27 17:40:46 ec2: -----BEGIN SSH HOST KEY FINGERPRINTS-----
<14>Mar 27 17:40:46 ec2: 1024 SHA256:BkYqTw1DwRZ9x+Em10RK/U8RpMnebKzmM0clhv2hSUc root@ubuntu-xenial (DSA)
<14>Mar 27 17:40:46 ec2: 256 SHA256:JwMU39Vlo/rE6uhSNEcSJrvtWcwit8xK+yXrVOWiA9U root@ubuntu-xenial (ECDSA)
<14>Mar 27 17:40:46 ec2: 256 SHA256:yhyE08osVZIXhkYQ3mYCac17J4q+ZIbhTQaJ3rr2OxY root@ubuntu-xenial (ED25519)
<14>Mar 27 17:40:46 ec2: 2048 SHA256:c+JiTTKUlqSMbRQeVYn68oHGGTcFZVsIs1VsdAW4vy0 root@ubuntu-xenial (RSA)
<14>Mar 27 17:40:46 ec2: -----END SSH HOST KEY FINGERPRINTS-----
<14>Mar 27 17:40:46 ec2: #############################################################
-----BEGIN SSH HOST KEY KEYS-----
ecdsa-sha2-nistp256 AAAAE2VjZHNhLXNoYTItbmlzdHAyNTYAAAAIbmlzdHAyNTYAAABBBFfYy8Jd9LgymLQ5YUieTGDDizodlHXUF3Zoo+yFCSjNcR904PA2hvfauLSNYGVdIJa86o82cE64uNUNtCfFfUY= root@ubuntu-xenial
ssh-ed25519 AAAAC3NzaC1lZDI1NTE5AAAAIBkVu9bCxbzbDV+mf+HiugO/k0Xk67q7cZGvSkuOMu7D root@ubuntu-xenial
ssh-rsa AAAAB3NzaC1yc2EAAAADAQABAAABAQCx/30sxGsP08EfEoupyjBNaSGX8WS2cO32jaKIKdwrwStsAVAtN07nm4EOe/7ek7K9pDLXnXtlTtX90t7X5SQQbfGHd+ykL/LSx1QoOkmei9v9/Gtg262J/gFnspuKzJ+SrK9MXT6Cumg+OBzuMhutkQHMYH85NGdMDq+Z7t3zDdYLvyv5sH8H7Wi3QHREYLG2wvQwekZ41GxVfhkP044cS/a8rNOKInhoes8dCI8GnTktAt4nQZLldjkxA1Sky2j9LeBsDm9fnWX0GGEa+ckZnLyi6XdopjOl6Hajc+A9XGY8zINh9gx4woIDhOcD+96lz0CeK7E3ZvrwdNrszNj/ root@ubuntu-xenial
-----END SSH HOST KEY KEYS-----
[   65.674097] cloud-init[1515]: Cloud-init v. 18.4-0ubun[20211.457085] Out of memory: Kill process 16911 (ceph-mon) score 1787 or sacrifice child
[20211.654019] Killed process 16911 (ceph-mon) total-vm:2288956kB, anon-rss:1609824kB, file-rss:0kB

[   65.674707] cloud-init[1515]: Cloud-init v. 18.4-0ubuntu1~16.04.2 finished at Wed, 27 Mar 2019 17:40:46 +0000. Datasource DataSourceNoCloud [seed=/dev/sdb][dsmode=net].  Up 65.65 seconds
